[2022-12-25 11:08:38] local.ERROR: syntax error, unexpected token "]" (View: C:\xampp\htdocs\ProgrammerForce\Laravel-Practice\resources\views\emails\visitprofile.blade.php) {"exception":"[object] (Illuminate\\View\\ViewException(code: 0): syntax error, unexpected token \"]\" (View: C:\\xampp\\htdocs\\ProgrammerForce\\Laravel-Practice\\resources\\views\\emails\\visitprofile.blade.php) at C:\\xampp\\htdocs\\ProgrammerForce\\Laravel-Practice\\storage\\framework\\views\\253592113820a998a9f491c8d196e1e31d142f98.php:16)
[stacktrace]
#0 C:\\xampp\\htdocs\\ProgrammerForce\\Laravel-Practice\\vendor\\laravel\\framework\\src\\Illuminate\\View\\Engines\\PhpEngine.php(60): Illuminate\\View\\Engines\\CompilerEngine->handleViewException(Object(ParseError), 0)
#1 C:\\xampp\\htdocs\\ProgrammerForce\\Laravel-Practice\\vendor\\laravel\\framework\\src\\Illuminate\\View\\Engines\\CompilerEngine.php(70): Illuminate\\View\\Engines\\PhpEngine->evaluatePath('C:\\\\xampp\\\\htdocs...', Array)
#2 C:\\xampp\\htdocs\\ProgrammerForce\\Laravel-Practice\\vendor\\laravel\\framework\\src\\Illuminate\\View\\View.php(152): Illuminate\\View\\Engines\\CompilerEngine->get('C:\\\\xampp\\\\htdocs...', Array)
#3 C:\\xampp\\htdocs\\ProgrammerForce\\Laravel-Practice\\vendor\\laravel\\framework\\src\\Illuminate\\View\\View.php(135): Illuminate\\View\\View->getContents()
#4 C:\\xampp\\htdocs\\ProgrammerForce\\Laravel-Practice\\vendor\\laravel\\framework\\src\\Illuminate\\View\\View.php(104): Illuminate\\View\\View->renderContents()
#5 C:\\xampp\\htdocs\\ProgrammerForce\\Laravel-Practice\\vendor\\laravel\\framework\\src\\Illuminate\\Mail\\Markdown.php(65): Illuminate\\View\\View->render()
#6 C:\\xampp\\htdocs\\ProgrammerForce\\Laravel-Practice\\vendor\\laravel\\framework\\src\\Illuminate\\Mail\\Mailable.php(334): Illuminate\\Mail\\Markdown->render('emails.visitpro...', Array)
#7 C:\\xampp\\htdocs\\ProgrammerForce\\Laravel-Practice\\vendor\\laravel\\framework\\src\\Illuminate\\Mail\\Mailable.php(304): Illuminate\\Mail\\Mailable->buildMarkdownView()
#8 C:\\xampp\\htdocs\\ProgrammerForce\\Laravel-Practice\\vendor\\laravel\\framework\\src\\Illuminate\\Mail\\Mailable.php(204): Illuminate\\Mail\\Mailable->buildView()
#9 C:\\xampp\\htdocs\\ProgrammerForce\\Laravel-Practice\\vendor\\laravel\\framework\\src\\Illuminate\\Support\\Traits\\Localizable.php(19): Illuminate\\Mail\\Mailable->Illuminate\\Mail\\{closure}()
#10 C:\\xampp\\htdocs\\ProgrammerForce\\Laravel-Practice\\vendor\\laravel\\framework\\src\\Illuminate\\Mail\\Mailable.php(213): Illuminate\\Mail\\Mailable->withLocale(NULL, Object(Closure))
#11 C:\\xampp\\htdocs\\ProgrammerForce\\Laravel-Practice\\vendor\\laravel\\framework\\src\\Illuminate\\Mail\\Mailer.php(307): Illuminate\\Mail\\Mailable->send(Object(Illuminate\\Mail\\Mailer))
#12 C:\\xampp\\htdocs\\ProgrammerForce\\Laravel-Practice\\vendor\\laravel\\framework\\src\\Illuminate\\Mail\\Mailer.php(253): Illuminate\\Mail\\Mailer->sendMailable(Object(App\\Mail\\VisitProfile))
#13 C:\\xampp\\htdocs\\ProgrammerForce\\Laravel-Practice\\vendor\\laravel\\framework\\src\\Illuminate\\Mail\\PendingMail.php(124): Illuminate\\Mail\\Mailer->send(Object(App\\Mail\\VisitProfile))
#14 C:\\xampp\\htdocs\\ProgrammerForce\\Laravel-Practice\\app\\Jobs\\VisitProfileNotifyJob.php(37): Illuminate\\Mail\\PendingMail->send(Object(App\\Mail\\VisitProfile))
#15 C:\\xampp\\htdocs\\ProgrammerForce\\Laravel-Practice\\vendor\\laravel\\framework\\src\\Illuminate\\Container\\BoundMethod.php(36): App\\Jobs\\VisitProfileNotifyJob->handle()
#16 C:\\xampp\\htdocs\\ProgrammerForce\\Laravel-Practice\\vendor\\laravel\\framework\\src\\Illuminate\\Container\\Util.php(41): Illuminate\\Container\\BoundMethod::Illuminate\\Container\\{closure}()
#17 C:\\xampp\\htdocs\\ProgrammerForce\\Laravel-Practice\\vendor\\laravel\\framework\\src\\Illuminate\\Container\\BoundMethod.php(93): Illuminate\\Container\\Util::unwrapIfClosure(Object(Closure))
#18 C:\\xampp\\htdocs\\ProgrammerForce\\Laravel-Practice\\vendor\\laravel\\framework\\src\\Illuminate\\Container\\BoundMethod.php(37): Illuminate\\Container\\BoundMethod::callBoundMethod(Object(Illuminate\\Foundation\\Application), Array, Object(Closure))
#19 C:\\xampp\\htdocs\\ProgrammerForce\\Laravel-Practice\\vendor\\laravel\\framework\\src\\Illuminate\\Container\\Container.php(651): Illuminate\\Container\\BoundMethod::call(Object(Illuminate\\Foundation\\Application), Array, Array, NULL)
#20 C:\\xampp\\htdocs\\ProgrammerForce\\Laravel-Practice\\vendor\\laravel\\framework\\src\\Illuminate\\Bus\\Dispatcher.php(128): Illuminate\\Container\\Container->call(Array)
#21 C:\\xampp\\htdocs\\ProgrammerForce\\Laravel-Practice\\vendor\\laravel\\framework\\src\\Illuminate\\Pipeline\\Pipeline.php(141): Illuminate\\Bus\\Dispatcher->Illuminate\\Bus\\{closure}(Object(App\\Jobs\\VisitProfileNotifyJob))
#22 C:\\xampp\\htdocs\\ProgrammerForce\\Laravel-Practice\\vendor\\laravel\\framework\\src\\Illuminate\\Pipeline\\Pipeline.php(116): Illuminate\\Pipeline\\Pipeline->Illuminate\\Pipeline\\{closure}(Object(App\\Jobs\\VisitProfileNotifyJob))
#23 C:\\xampp\\htdocs\\ProgrammerForce\\Laravel-Practice\\vendor\\laravel\\framework\\src\\Illuminate\\Bus\\Dispatcher.php(132): Illuminate\\Pipeline\\Pipeline->then(Object(Closure))
#24 C:\\xampp\\htdocs\\ProgrammerForce\\Laravel-Practice\\vendor\\laravel\\framework\\src\\Illuminate\\Queue\\CallQueuedHandler.php(124): Illuminate\\Bus\\Dispatcher->dispatchNow(Object(App\\Jobs\\VisitProfileNotifyJob), false)
#25 C:\\xampp\\htdocs\\ProgrammerForce\\Laravel-Practice\\vendor\\laravel\\framework\\src\\Illuminate\\Pipeline\\Pipeline.php(141): Illuminate\\Queue\\CallQueuedHandler->Illuminate\\Queue\\{closure}(Object(App\\Jobs\\VisitProfileNotifyJob))
#26 C:\\xampp\\htdocs\\ProgrammerForce\\Laravel-Practice\\vendor\\laravel\\framework\\src\\Illuminate\\Pipeline\\Pipeline.php(116): Illuminate\\Pipeline\\Pipeline->Illuminate\\Pipeline\\{closure}(Object(App\\Jobs\\VisitProfileNotifyJob))
#27 C:\\xampp\\htdocs\\ProgrammerForce\\Laravel-Practice\\vendor\\laravel\\framework\\src\\Illuminate\\Queue\\CallQueuedHandler.php(126): Illuminate\\Pipeline\\Pipeline->then(Object(Closure))
#28 C:\\xampp\\htdocs\\ProgrammerForce\\Laravel-Practice\\vendor\\laravel\\framework\\src\\Illuminate\\Queue\\CallQueuedHandler.php(70): Illuminate\\Queue\\CallQueuedHandler->dispatchThroughMiddleware(Object(Illuminate\\Queue\\Jobs\\DatabaseJob), Object(App\\Jobs\\VisitProfileNotifyJob))
#29 C:\\xampp\\htdocs\\ProgrammerForce\\Laravel-Practice\\vendor\\laravel\\framework\\src\\Illuminate\\Queue\\Jobs\\Job.php(98): Illuminate\\Queue\\CallQueuedHandler->call(Object(Illuminate\\Queue\\Jobs\\DatabaseJob), Array)
#30 C:\\xampp\\htdocs\\ProgrammerForce\\Laravel-Practice\\vendor\\laravel\\framework\\src\\Illuminate\\Queue\\Worker.php(425): Illuminate\\Queue\\Jobs\\Job->fire()
#31 C:\\xampp\\htdocs\\ProgrammerForce\\Laravel-Practice\\vendor\\laravel\\framework\\src\\Illuminate\\Queue\\Worker.php(375): Illuminate\\Queue\\Worker->process('database', Object(Illuminate\\Queue\\Jobs\\DatabaseJob), Object(Illuminate\\Queue\\WorkerOptions))
#32 C:\\xampp\\htdocs\\ProgrammerForce\\Laravel-Practice\\vendor\\laravel\\framework\\src\\Illuminate\\Queue\\Worker.php(173): Illuminate\\Queue\\Worker->runJob(Object(Illuminate\\Queue\\Jobs\\DatabaseJob), 'database', Object(Illuminate\\Queue\\WorkerOptions))
#33 C:\\xampp\\htdocs\\ProgrammerForce\\Laravel-Practice\\vendor\\laravel\\framework\\src\\Illuminate\\Queue\\Console\\WorkCommand.php(147): Illuminate\\Queue\\Worker->daemon('database', 'default', Object(Illuminate\\Queue\\WorkerOptions))
#34 C:\\xampp\\htdocs\\ProgrammerForce\\Laravel-Practice\\vendor\\laravel\\framework\\src\\Illuminate\\Queue\\Console\\WorkCommand.php(130): Illuminate\\Queue\\Console\\WorkCommand->runWorker('database', 'default')
#35 C:\\xampp\\htdocs\\ProgrammerForce\\Laravel-Practice\\vendor\\laravel\\framework\\src\\Illuminate\\Container\\BoundMethod.php(36): Illuminate\\Queue\\Console\\WorkCommand->handle()
#36 C:\\xampp\\htdocs\\ProgrammerForce\\Laravel-Practice\\vendor\\laravel\\framework\\src\\Illuminate\\Container\\Util.php(41): Illuminate\\Container\\BoundMethod::Illuminate\\Container\\{closure}()
#37 C:\\xampp\\htdocs\\ProgrammerForce\\Laravel-Practice\\vendor\\laravel\\framework\\src\\Illuminate\\Container\\BoundMethod.php(93): Illuminate\\Container\\Util::unwrapIfClosure(Object(Closure))
#38 C:\\xampp\\htdocs\\ProgrammerForce\\Laravel-Practice\\vendor\\laravel\\framework\\src\\Illuminate\\Container\\BoundMethod.php(37): Illuminate\\Container\\BoundMethod::callBoundMethod(Object(Illuminate\\Foundation\\Application), Array, Object(Closure))
#39 C:\\xampp\\htdocs\\ProgrammerForce\\Laravel-Practice\\vendor\\laravel\\framework\\src\\Illuminate\\Container\\Container.php(651): Illuminate\\Container\\BoundMethod::call(Object(Illuminate\\Foundation\\Application), Array, Array, NULL)
#40 C:\\xampp\\htdocs\\ProgrammerForce\\Laravel-Practice\\vendor\\laravel\\framework\\src\\Illuminate\\Console\\Command.php(182): Illuminate\\Container\\Container->call(Array)
#41 C:\\xampp\\htdocs\\ProgrammerForce\\Laravel-Practice\\vendor\\symfony\\console\\Command\\Command.php(312): Illuminate\\Console\\Command->execute(Object(Symfony\\Component\\Console\\Input\\ArgvInput), Object(Illuminate\\Console\\OutputStyle))
#42 C:\\xampp\\htdocs\\ProgrammerForce\\Laravel-Practice\\vendor\\laravel\\framework\\src\\Illuminate\\Console\\Command.php(152): Symfony\\Component\\Console\\Command\\Command->run(Object(Symfony\\Component\\Console\\Input\\ArgvInput), Object(Illuminate\\Console\\OutputStyle))
#43 C:\\xampp\\htdocs\\ProgrammerForce\\Laravel-Practice\\vendor\\symfony\\console\\Application.php(1022): Illuminate\\Console\\Command->run(Object(Symfony\\Component\\Console\\Input\\ArgvInput), Object(Symfony\\Component\\Console\\Output\\ConsoleOutput))
#44 C:\\xampp\\htdocs\\ProgrammerForce\\Laravel-Practice\\vendor\\symfony\\console\\Application.php(314): Symfony\\Component\\Console\\Application->doRunCommand(Object(Illuminate\\Queue\\Console\\WorkCommand), Object(Symfony\\Component\\Console\\Input\\ArgvInput), Object(Symfony\\Component\\Console\\Output\\ConsoleOutput))
#45 C:\\xampp\\htdocs\\ProgrammerForce\\Laravel-Practice\\vendor\\symfony\\console\\Application.php(168): Symfony\\Component\\Console\\Application->doRun(Object(Symfony\\Component\\Console\\Input\\ArgvInput), Object(Symfony\\Component\\Console\\Output\\ConsoleOutput))
#46 C:\\xampp\\htdocs\\ProgrammerForce\\Laravel-Practice\\vendor\\laravel\\framework\\src\\Illuminate\\Console\\Application.php(102): Symfony\\Component\\Console\\Application->run(Object(Symfony\\Component\\Console\\Input\\ArgvInput), Object(Symfony\\Component\\Console\\Output\\ConsoleOutput))
#47 C:\\xampp\\htdocs\\ProgrammerForce\\Laravel-Practice\\vendor\\laravel\\framework\\src\\Illuminate\\Foundation\\Console\\Kernel.php(155): Illuminate\\Console\\Application->run(Object(Symfony\\Component\\Console\\Input\\ArgvInput), Object(Symfony\\Component\\Console\\Output\\ConsoleOutput))
#48 C:\\xampp\\htdocs\\ProgrammerForce\\Laravel-Practice\\artisan(37): Illuminate\\Foundation\\Console\\Kernel->handle(Object(Symfony\\Component\\Console\\Input\\ArgvInput), Object(Symfony\\Component\\Console\\Output\\ConsoleOutput))
#49 {main}

[previous exception] [object] (ParseError(code: 0): syntax error, unexpected token \"]\" at C:\\xampp\\htdocs\\ProgrammerForce\\Laravel-Practice\\storage\\framework\\views\\253592113820a998a9f491c8d196e1e31d142f98.php:16)
[stacktrace]
#0 C:\\xampp\\htdocs\\ProgrammerForce\\Laravel-Practice\\vendor\\laravel\\framework\\src\\Illuminate\\Filesystem\\Filesystem.php(110): Illuminate\\Filesystem\\Filesystem::Illuminate\\Filesystem\\{closure}()
#1 C:\\xampp\\htdocs\\ProgrammerForce\\Laravel-Practice\\vendor\\laravel\\framework\\src\\Illuminate\\View\\Engines\\PhpEngine.php(58): Illuminate\\Filesystem\\Filesystem->getRequire('C:\\\\xampp\\\\htdocs...', Array)
#2 C:\\xampp\\htdocs\\ProgrammerForce\\Laravel-Practice\\vendor\\laravel\\framework\\src\\Illuminate\\View\\Engines\\CompilerEngine.php(70): Illuminate\\View\\Engines\\PhpEngine->evaluatePath('C:\\\\xampp\\\\htdocs...', Array)
#3 C:\\xampp\\htdocs\\ProgrammerForce\\Laravel-Practice\\vendor\\laravel\\framework\\src\\Illuminate\\View\\View.php(152): Illuminate\\View\\Engines\\CompilerEngine->get('C:\\\\xampp\\\\htdocs...', Array)
#4 C:\\xampp\\htdocs\\ProgrammerForce\\Laravel-Practice\\vendor\\laravel\\framework\\src\\Illuminate\\View\\View.php(135): Illuminate\\View\\View->getContents()
#5 C:\\xampp\\htdocs\\ProgrammerForce\\Laravel-Practice\\vendor\\laravel\\framework\\src\\Illuminate\\View\\View.php(104): Illuminate\\View\\View->renderContents()
#6 C:\\xampp\\htdocs\\ProgrammerForce\\Laravel-Practice\\vendor\\laravel\\framework\\src\\Illuminate\\Mail\\Markdown.php(65): Illuminate\\View\\View->render()
#7 C:\\xampp\\htdocs\\ProgrammerForce\\Laravel-Practice\\vendor\\laravel\\framework\\src\\Illuminate\\Mail\\Mailable.php(334): Illuminate\\Mail\\Markdown->render('emails.visitpro...', Array)
#8 C:\\xampp\\htdocs\\ProgrammerForce\\Laravel-Practice\\vendor\\laravel\\framework\\src\\Illuminate\\Mail\\Mailable.php(304): Illuminate\\Mail\\Mailable->buildMarkdownView()
#9 C:\\xampp\\htdocs\\ProgrammerForce\\Laravel-Practice\\vendor\\laravel\\framework\\src\\Illuminate\\Mail\\Mailable.php(204): Illuminate\\Mail\\Mailable->buildView()
#10 C:\\xampp\\htdocs\\ProgrammerForce\\Laravel-Practice\\vendor\\laravel\\framework\\src\\Illuminate\\Support\\Traits\\Localizable.php(19): Illuminate\\Mail\\Mailable->Illuminate\\Mail\\{closure}()
#11 C:\\xampp\\htdocs\\ProgrammerForce\\Laravel-Practice\\vendor\\laravel\\framework\\src\\Illuminate\\Mail\\Mailable.php(213): Illuminate\\Mail\\Mailable->withLocale(NULL, Object(Closure))
#12 C:\\xampp\\htdocs\\ProgrammerForce\\Laravel-Practice\\vendor\\laravel\\framework\\src\\Illuminate\\Mail\\Mailer.php(307): Illuminate\\Mail\\Mailable->send(Object(Illuminate\\Mail\\Mailer))
#13 C:\\xampp\\htdocs\\ProgrammerForce\\Laravel-Practice\\vendor\\laravel\\framework\\src\\Illuminate\\Mail\\Mailer.php(253): Illuminate\\Mail\\Mailer->sendMailable(Object(App\\Mail\\VisitProfile))
#14 C:\\xampp\\htdocs\\ProgrammerForce\\Laravel-Practice\\vendor\\laravel\\framework\\src\\Illuminate\\Mail\\PendingMail.php(124): Illuminate\\Mail\\Mailer->send(Object(App\\Mail\\VisitProfile))
#15 C:\\xampp\\htdocs\\ProgrammerForce\\Laravel-Practice\\app\\Jobs\\VisitProfileNotifyJob.php(37): Illuminate\\Mail\\PendingMail->send(Object(App\\Mail\\VisitProfile))
#16 C:\\xampp\\htdocs\\ProgrammerForce\\Laravel-Practice\\vendor\\laravel\\framework\\src\\Illuminate\\Container\\BoundMethod.php(36): App\\Jobs\\VisitProfileNotifyJob->handle()
#17 C:\\xampp\\htdocs\\ProgrammerForce\\Laravel-Practice\\vendor\\laravel\\framework\\src\\Illuminate\\Container\\Util.php(41): Illuminate\\Container\\BoundMethod::Illuminate\\Container\\{closure}()
#18 C:\\xampp\\htdocs\\ProgrammerForce\\Laravel-Practice\\vendor\\laravel\\framework\\src\\Illuminate\\Container\\BoundMethod.php(93): Illuminate\\Container\\Util::unwrapIfClosure(Object(Closure))
#19 C:\\xampp\\htdocs\\ProgrammerForce\\Laravel-Practice\\vendor\\laravel\\framework\\src\\Illuminate\\Container\\BoundMethod.php(37): Illuminate\\Container\\BoundMethod::callBoundMethod(Object(Illuminate\\Foundation\\Application), Array, Object(Closure))
#20 C:\\xampp\\htdocs\\ProgrammerForce\\Laravel-Practice\\vendor\\laravel\\framework\\src\\Illuminate\\Container\\Container.php(651): Illuminate\\Container\\BoundMethod::call(Object(Illuminate\\Foundation\\Application), Array, Array, NULL)
#21 C:\\xampp\\htdocs\\ProgrammerForce\\Laravel-Practice\\vendor\\laravel\\framework\\src\\Illuminate\\Bus\\Dispatcher.php(128): Illuminate\\Container\\Container->call(Array)
#22 C:\\xampp\\htdocs\\ProgrammerForce\\Laravel-Practice\\vendor\\laravel\\framework\\src\\Illuminate\\Pipeline\\Pipeline.php(141): Illuminate\\Bus\\Dispatcher->Illuminate\\Bus\\{closure}(Object(App\\Jobs\\VisitProfileNotifyJob))
#23 C:\\xampp\\htdocs\\ProgrammerForce\\Laravel-Practice\\vendor\\laravel\\framework\\src\\Illuminate\\Pipeline\\Pipeline.php(116): Illuminate\\Pipeline\\Pipeline->Illuminate\\Pipeline\\{closure}(Object(App\\Jobs\\VisitProfileNotifyJob))
#24 C:\\xampp\\htdocs\\ProgrammerForce\\Laravel-Practice\\vendor\\laravel\\framework\\src\\Illuminate\\Bus\\Dispatcher.php(132): Illuminate\\Pipeline\\Pipeline->then(Object(Closure))
#25 C:\\xampp\\htdocs\\ProgrammerForce\\Laravel-Practice\\vendor\\laravel\\framework\\src\\Illuminate\\Queue\\CallQueuedHandler.php(124): Illuminate\\Bus\\Dispatcher->dispatchNow(Object(App\\Jobs\\VisitProfileNotifyJob), false)
#26 C:\\xampp\\htdocs\\ProgrammerForce\\Laravel-Practice\\vendor\\laravel\\framework\\src\\Illuminate\\Pipeline\\Pipeline.php(141): Illuminate\\Queue\\CallQueuedHandler->Illuminate\\Queue\\{closure}(Object(App\\Jobs\\VisitProfileNotifyJob))
#27 C:\\xampp\\htdocs\\ProgrammerForce\\Laravel-Practice\\vendor\\laravel\\framework\\src\\Illuminate\\Pipeline\\Pipeline.php(116): Illuminate\\Pipeline\\Pipeline->Illuminate\\Pipeline\\{closure}(Object(App\\Jobs\\VisitProfileNotifyJob))
#28 C:\\xampp\\htdocs\\ProgrammerForce\\Laravel-Practice\\vendor\\laravel\\framework\\src\\Illuminate\\Queue\\CallQueuedHandler.php(126): Illuminate\\Pipeline\\Pipeline->then(Object(Closure))
#29 C:\\xampp\\htdocs\\ProgrammerForce\\Laravel-Practice\\vendor\\laravel\\framework\\src\\Illuminate\\Queue\\CallQueuedHandler.php(70): Illuminate\\Queue\\CallQueuedHandler->dispatchThroughMiddleware(Object(Illuminate\\Queue\\Jobs\\DatabaseJob), Object(App\\Jobs\\VisitProfileNotifyJob))
#30 C:\\xampp\\htdocs\\ProgrammerForce\\Laravel-Practice\\vendor\\laravel\\framework\\src\\Illuminate\\Queue\\Jobs\\Job.php(98): Illuminate\\Queue\\CallQueuedHandler->call(Object(Illuminate\\Queue\\Jobs\\DatabaseJob), Array)
#31 C:\\xampp\\htdocs\\ProgrammerForce\\Laravel-Practice\\vendor\\laravel\\framework\\src\\Illuminate\\Queue\\Worker.php(425): Illuminate\\Queue\\Jobs\\Job->fire()
#32 C:\\xampp\\htdocs\\ProgrammerForce\\Laravel-Practice\\vendor\\laravel\\framework\\src\\Illuminate\\Queue\\Worker.php(375): Illuminate\\Queue\\Worker->process('database', Object(Illuminate\\Queue\\Jobs\\DatabaseJob), Object(Illuminate\\Queue\\WorkerOptions))
#33 C:\\xampp\\htdocs\\ProgrammerForce\\Laravel-Practice\\vendor\\laravel\\framework\\src\\Illuminate\\Queue\\Worker.php(173): Illuminate\\Queue\\Worker->runJob(Object(Illuminate\\Queue\\Jobs\\DatabaseJob), 'database', Object(Illuminate\\Queue\\WorkerOptions))
#34 C:\\xampp\\htdocs\\ProgrammerForce\\Laravel-Practice\\vendor\\laravel\\framework\\src\\Illuminate\\Queue\\Console\\WorkCommand.php(147): Illuminate\\Queue\\Worker->daemon('database', 'default', Object(Illuminate\\Queue\\WorkerOptions))
#35 C:\\xampp\\htdocs\\ProgrammerForce\\Laravel-Practice\\vendor\\laravel\\framework\\src\\Illuminate\\Queue\\Console\\WorkCommand.php(130): Illuminate\\Queue\\Console\\WorkCommand->runWorker('database', 'default')
#36 C:\\xampp\\htdocs\\ProgrammerForce\\Laravel-Practice\\vendor\\laravel\\framework\\src\\Illuminate\\Container\\BoundMethod.php(36): Illuminate\\Queue\\Console\\WorkCommand->handle()
#37 C:\\xampp\\htdocs\\ProgrammerForce\\Laravel-Practice\\vendor\\laravel\\framework\\src\\Illuminate\\Container\\Util.php(41): Illuminate\\Container\\BoundMethod::Illuminate\\Container\\{closure}()
#38 C:\\xampp\\htdocs\\ProgrammerForce\\Laravel-Practice\\vendor\\laravel\\framework\\src\\Illuminate\\Container\\BoundMethod.php(93): Illuminate\\Container\\Util::unwrapIfClosure(Object(Closure))
#39 C:\\xampp\\htdocs\\ProgrammerForce\\Laravel-Practice\\vendor\\laravel\\framework\\src\\Illuminate\\Container\\BoundMethod.php(37): Illuminate\\Container\\BoundMethod::callBoundMethod(Object(Illuminate\\Foundation\\Application), Array, Object(Closure))
#40 C:\\xampp\\htdocs\\ProgrammerForce\\Laravel-Practice\\vendor\\laravel\\framework\\src\\Illuminate\\Container\\Container.php(651): Illuminate\\Container\\BoundMethod::call(Object(Illuminate\\Foundation\\Application), Array, Array, NULL)
#41 C:\\xampp\\htdocs\\ProgrammerForce\\Laravel-Practice\\vendor\\laravel\\framework\\src\\Illuminate\\Console\\Command.php(182): Illuminate\\Container\\Container->call(Array)
#42 C:\\xampp\\htdocs\\ProgrammerForce\\Laravel-Practice\\vendor\\symfony\\console\\Command\\Command.php(312): Illuminate\\Console\\Command->execute(Object(Symfony\\Component\\Console\\Input\\ArgvInput), Object(Illuminate\\Console\\OutputStyle))
#43 C:\\xampp\\htdocs\\ProgrammerForce\\Laravel-Practice\\vendor\\laravel\\framework\\src\\Illuminate\\Console\\Command.php(152): Symfony\\Component\\Console\\Command\\Command->run(Object(Symfony\\Component\\Console\\Input\\ArgvInput), Object(Illuminate\\Console\\OutputStyle))
#44 C:\\xampp\\htdocs\\ProgrammerForce\\Laravel-Practice\\vendor\\symfony\\console\\Application.php(1022): Illuminate\\Console\\Command->run(Object(Symfony\\Component\\Console\\Input\\ArgvInput), Object(Symfony\\Component\\Console\\Output\\ConsoleOutput))
#45 C:\\xampp\\htdocs\\ProgrammerForce\\Laravel-Practice\\vendor\\symfony\\console\\Application.php(314): Symfony\\Component\\Console\\Application->doRunCommand(Object(Illuminate\\Queue\\Console\\WorkCommand), Object(Symfony\\Component\\Console\\Input\\ArgvInput), Object(Symfony\\Component\\Console\\Output\\ConsoleOutput))
#46 C:\\xampp\\htdocs\\ProgrammerForce\\Laravel-Practice\\vendor\\symfony\\console\\Application.php(168): Symfony\\Component\\Console\\Application->doRun(Object(Symfony\\Component\\Console\\Input\\ArgvInput), Object(Symfony\\Component\\Console\\Output\\ConsoleOutput))
#47 C:\\xampp\\htdocs\\ProgrammerForce\\Laravel-Practice\\vendor\\laravel\\framework\\src\\Illuminate\\Console\\Application.php(102): Symfony\\Component\\Console\\Application->run(Object(Symfony\\Component\\Console\\Input\\ArgvInput), Object(Symfony\\Component\\Console\\Output\\ConsoleOutput))
#48 C:\\xampp\\htdocs\\ProgrammerForce\\Laravel-Practice\\vendor\\laravel\\framework\\src\\Illuminate\\Foundation\\Console\\Kernel.php(155): Illuminate\\Console\\Application->run(Object(Symfony\\Component\\Console\\Input\\ArgvInput), Object(Symfony\\Component\\Console\\Output\\ConsoleOutput))
#49 C:\\xampp\\htdocs\\ProgrammerForce\\Laravel-Practice\\artisan(37): Illuminate\\Foundation\\Console\\Kernel->handle(Object(Symfony\\Component\\Console\\Input\\ArgvInput), Object(Symfony\\Component\\Console\\Output\\ConsoleOutput))
#50 {main}
"} 
